{"/home/ggm/workspace/versus-languages/projects/nodejs/src/index.ts": {"path":"/home/ggm/workspace/versus-languages/projects/nodejs/src/index.ts","all":true,"statementMap":{"0":{"start":{"line":1,"column":0},"end":{"line":1,"column":30}},"1":{"start":{"line":2,"column":0},"end":{"line":2,"column":33}},"2":{"start":{"line":3,"column":0},"end":{"line":3,"column":76}},"3":{"start":{"line":4,"column":0},"end":{"line":4,"column":66}},"4":{"start":{"line":5,"column":0},"end":{"line":5,"column":95}},"5":{"start":{"line":6,"column":0},"end":{"line":6,"column":76}},"7":{"start":{"line":8,"column":0},"end":{"line":8,"column":54}},"8":{"start":{"line":9,"column":0},"end":{"line":9,"column":43}},"9":{"start":{"line":10,"column":0},"end":{"line":10,"column":42}},"11":{"start":{"line":12,"column":0},"end":{"line":12,"column":23}},"12":{"start":{"line":13,"column":0},"end":{"line":13,"column":44}},"13":{"start":{"line":14,"column":0},"end":{"line":14,"column":49}},"15":{"start":{"line":16,"column":0},"end":{"line":16,"column":52}},"16":{"start":{"line":17,"column":0},"end":{"line":17,"column":61}},"18":{"start":{"line":19,"column":0},"end":{"line":19,"column":41}},"20":{"start":{"line":21,"column":0},"end":{"line":21,"column":32}},"21":{"start":{"line":22,"column":0},"end":{"line":22,"column":26}},"22":{"start":{"line":23,"column":0},"end":{"line":23,"column":26}},"23":{"start":{"line":24,"column":0},"end":{"line":24,"column":20}},"24":{"start":{"line":25,"column":0},"end":{"line":25,"column":4}},"26":{"start":{"line":27,"column":0},"end":{"line":27,"column":33}},"27":{"start":{"line":28,"column":0},"end":{"line":28,"column":34}},"29":{"start":{"line":30,"column":0},"end":{"line":30,"column":51}},"30":{"start":{"line":31,"column":0},"end":{"line":31,"column":53}},"31":{"start":{"line":32,"column":0},"end":{"line":32,"column":1}},"33":{"start":{"line":34,"column":0},"end":{"line":34,"column":28}}},"s":{"0":0,"1":0,"2":0,"3":0,"4":0,"5":0,"7":0,"8":0,"9":0,"11":0,"12":0,"13":0,"15":0,"16":0,"18":0,"20":0,"21":0,"22":0,"23":0,"24":0,"26":0,"27":0,"29":0,"30":0,"31":0,"33":0},"branchMap":{"0":{"type":"branch","line":1,"loc":{"start":{"line":1,"column":0},"end":{"line":34,"column":-428}},"locations":[{"start":{"line":1,"column":0},"end":{"line":34,"column":-428}}]}},"b":{"0":[0]},"fnMap":{"0":{"name":"(empty-report)","decl":{"start":{"line":1,"column":0},"end":{"line":34,"column":-428}},"loc":{"start":{"line":1,"column":0},"end":{"line":34,"column":-428}},"line":1}},"f":{"0":0}}
,"/home/ggm/workspace/versus-languages/projects/nodejs/src/application/dtos/UrlDto.ts": {"path":"/home/ggm/workspace/versus-languages/projects/nodejs/src/application/dtos/UrlDto.ts","all":false,"statementMap":{"0":{"start":{"line":1,"column":0},"end":{"line":1,"column":24}},"2":{"start":{"line":3,"column":0},"end":{"line":3,"column":41}},"3":{"start":{"line":4,"column":0},"end":{"line":4,"column":24}},"4":{"start":{"line":5,"column":0},"end":{"line":5,"column":93}},"5":{"start":{"line":6,"column":0},"end":{"line":6,"column":47}},"6":{"start":{"line":7,"column":0},"end":{"line":7,"column":3}},"10":{"start":{"line":11,"column":0},"end":{"line":11,"column":41}},"11":{"start":{"line":12,"column":0},"end":{"line":12,"column":35}},"12":{"start":{"line":13,"column":0},"end":{"line":13,"column":47}},"13":{"start":{"line":14,"column":0},"end":{"line":14,"column":3}},"17":{"start":{"line":18,"column":0},"end":{"line":18,"column":42}},"18":{"start":{"line":19,"column":0},"end":{"line":19,"column":54}},"19":{"start":{"line":20,"column":0},"end":{"line":20,"column":68}},"20":{"start":{"line":21,"column":0},"end":{"line":21,"column":3}}},"s":{"0":1,"2":1,"3":1,"4":1,"5":1,"6":1,"10":1,"11":1,"12":1,"13":1,"17":1,"18":1,"19":1,"20":1},"branchMap":{},"b":{},"fnMap":{},"f":{}}
,"/home/ggm/workspace/versus-languages/projects/nodejs/src/application/dtos/UrlResponseDto.ts": {"path":"/home/ggm/workspace/versus-languages/projects/nodejs/src/application/dtos/UrlResponseDto.ts","all":false,"statementMap":{"35":{"start":{"line":36,"column":0},"end":{"line":36,"column":74}},"36":{"start":{"line":37,"column":0},"end":{"line":37,"column":10}},"37":{"start":{"line":38,"column":0},"end":{"line":38,"column":20}},"38":{"start":{"line":39,"column":0},"end":{"line":39,"column":40}},"39":{"start":{"line":40,"column":0},"end":{"line":40,"column":4}},"40":{"start":{"line":41,"column":0},"end":{"line":41,"column":1}}},"s":{"35":1,"36":4,"37":4,"38":4,"39":4,"40":4},"branchMap":{"0":{"type":"branch","line":36,"loc":{"start":{"line":36,"column":7},"end":{"line":41,"column":1}},"locations":[{"start":{"line":36,"column":7},"end":{"line":41,"column":1}}]}},"b":{"0":[4]},"fnMap":{"0":{"name":"toUrlResponse","decl":{"start":{"line":36,"column":7},"end":{"line":41,"column":1}},"loc":{"start":{"line":36,"column":7},"end":{"line":41,"column":1}},"line":36}},"f":{"0":4}}
,"/home/ggm/workspace/versus-languages/projects/nodejs/src/application/dtos/index.ts": {"path":"/home/ggm/workspace/versus-languages/projects/nodejs/src/application/dtos/index.ts","all":false,"statementMap":{"0":{"start":{"line":1,"column":0},"end":{"line":1,"column":28}},"1":{"start":{"line":2,"column":0},"end":{"line":2,"column":36}}},"s":{"0":1,"1":1},"branchMap":{},"b":{},"fnMap":{},"f":{}}
,"/home/ggm/workspace/versus-languages/projects/nodejs/src/application/repositories/IUrlRepository.ts": {"path":"/home/ggm/workspace/versus-languages/projects/nodejs/src/application/repositories/IUrlRepository.ts","all":true,"statementMap":{},"s":{},"branchMap":{"0":{"type":"branch","line":1,"loc":{"start":{"line":1,"column":836},"end":{"line":18,"column":1}},"locations":[{"start":{"line":1,"column":836},"end":{"line":18,"column":1}}]}},"b":{"0":[1]},"fnMap":{"0":{"name":"(empty-report)","decl":{"start":{"line":1,"column":836},"end":{"line":18,"column":1}},"loc":{"start":{"line":1,"column":836},"end":{"line":18,"column":1}},"line":1}},"f":{"0":1}}
,"/home/ggm/workspace/versus-languages/projects/nodejs/src/application/services/UrlService.ts": {"path":"/home/ggm/workspace/versus-languages/projects/nodejs/src/application/services/UrlService.ts","all":false,"statementMap":{"0":{"start":{"line":1,"column":0},"end":{"line":1,"column":102}},"2":{"start":{"line":3,"column":0},"end":{"line":3,"column":8}},"11":{"start":{"line":12,"column":0},"end":{"line":12,"column":28}},"13":{"start":{"line":14,"column":0},"end":{"line":14,"column":25}},"14":{"start":{"line":15,"column":0},"end":{"line":15,"column":14}},"15":{"start":{"line":16,"column":0},"end":{"line":16,"column":50}},"16":{"start":{"line":17,"column":0},"end":{"line":17,"column":36}},"17":{"start":{"line":18,"column":0},"end":{"line":18,"column":6}},"19":{"start":{"line":20,"column":0},"end":{"line":20,"column":44}},"20":{"start":{"line":21,"column":0},"end":{"line":21,"column":83}},"21":{"start":{"line":22,"column":0},"end":{"line":22,"column":20}},"22":{"start":{"line":23,"column":0},"end":{"line":23,"column":38}},"23":{"start":{"line":24,"column":0},"end":{"line":24,"column":71}},"24":{"start":{"line":25,"column":0},"end":{"line":25,"column":5}},"25":{"start":{"line":26,"column":0},"end":{"line":26,"column":18}},"26":{"start":{"line":27,"column":0},"end":{"line":27,"column":3}},"28":{"start":{"line":29,"column":0},"end":{"line":29,"column":82}},"29":{"start":{"line":30,"column":0},"end":{"line":30,"column":71}},"30":{"start":{"line":31,"column":0},"end":{"line":31,"column":47}},"31":{"start":{"line":32,"column":0},"end":{"line":32,"column":68}},"32":{"start":{"line":33,"column":0},"end":{"line":33,"column":5}},"34":{"start":{"line":35,"column":0},"end":{"line":35,"column":68}},"35":{"start":{"line":36,"column":0},"end":{"line":36,"column":22}},"36":{"start":{"line":37,"column":0},"end":{"line":37,"column":52}},"37":{"start":{"line":38,"column":0},"end":{"line":38,"column":5}},"39":{"start":{"line":40,"column":0},"end":{"line":40,"column":26}},"40":{"start":{"line":41,"column":0},"end":{"line":41,"column":84}},"41":{"start":{"line":42,"column":0},"end":{"line":42,"column":23}},"42":{"start":{"line":43,"column":0},"end":{"line":43,"column":62}},"43":{"start":{"line":44,"column":0},"end":{"line":44,"column":7}},"44":{"start":{"line":45,"column":0},"end":{"line":45,"column":5}},"46":{"start":{"line":47,"column":0},"end":{"line":47,"column":56}},"47":{"start":{"line":48,"column":0},"end":{"line":48,"column":74}},"48":{"start":{"line":49,"column":0},"end":{"line":49,"column":38}},"49":{"start":{"line":50,"column":0},"end":{"line":50,"column":3}},"51":{"start":{"line":52,"column":0},"end":{"line":52,"column":57}},"52":{"start":{"line":53,"column":0},"end":{"line":53,"column":54}},"53":{"start":{"line":54,"column":0},"end":{"line":54,"column":15}},"54":{"start":{"line":55,"column":0},"end":{"line":55,"column":47}},"55":{"start":{"line":56,"column":0},"end":{"line":56,"column":5}},"56":{"start":{"line":57,"column":0},"end":{"line":57,"column":44}},"57":{"start":{"line":58,"column":0},"end":{"line":58,"column":3}},"59":{"start":{"line":60,"column":0},"end":{"line":60,"column":75}},"60":{"start":{"line":61,"column":0},"end":{"line":61,"column":59}},"61":{"start":{"line":62,"column":0},"end":{"line":62,"column":20}},"62":{"start":{"line":63,"column":0},"end":{"line":63,"column":47}},"63":{"start":{"line":64,"column":0},"end":{"line":64,"column":5}},"65":{"start":{"line":66,"column":0},"end":{"line":66,"column":52}},"66":{"start":{"line":67,"column":0},"end":{"line":67,"column":25}},"67":{"start":{"line":68,"column":0},"end":{"line":68,"column":43}},"68":{"start":{"line":69,"column":0},"end":{"line":69,"column":36}},"69":{"start":{"line":70,"column":0},"end":{"line":70,"column":70}},"70":{"start":{"line":71,"column":0},"end":{"line":71,"column":7}},"71":{"start":{"line":72,"column":0},"end":{"line":72,"column":5}},"73":{"start":{"line":74,"column":0},"end":{"line":74,"column":84}},"74":{"start":{"line":75,"column":0},"end":{"line":75,"column":48}},"75":{"start":{"line":76,"column":0},"end":{"line":76,"column":3}},"77":{"start":{"line":78,"column":0},"end":{"line":78,"column":46}},"78":{"start":{"line":79,"column":0},"end":{"line":79,"column":59}},"79":{"start":{"line":80,"column":0},"end":{"line":80,"column":20}},"80":{"start":{"line":81,"column":0},"end":{"line":81,"column":47}},"81":{"start":{"line":82,"column":0},"end":{"line":82,"column":5}},"82":{"start":{"line":83,"column":0},"end":{"line":83,"column":40}},"83":{"start":{"line":84,"column":0},"end":{"line":84,"column":3}},"85":{"start":{"line":86,"column":0},"end":{"line":86,"column":78}},"86":{"start":{"line":87,"column":0},"end":{"line":87,"column":76}},"87":{"start":{"line":88,"column":0},"end":{"line":88,"column":12}},"88":{"start":{"line":89,"column":0},"end":{"line":89,"column":64}},"89":{"start":{"line":90,"column":0},"end":{"line":90,"column":47}},"90":{"start":{"line":91,"column":0},"end":{"line":91,"column":6}},"91":{"start":{"line":92,"column":0},"end":{"line":92,"column":3}},"93":{"start":{"line":94,"column":0},"end":{"line":94,"column":49}},"94":{"start":{"line":95,"column":0},"end":{"line":95,"column":58}},"95":{"start":{"line":96,"column":0},"end":{"line":96,"column":15}},"96":{"start":{"line":97,"column":0},"end":{"line":97,"column":47}},"97":{"start":{"line":98,"column":0},"end":{"line":98,"column":5}},"98":{"start":{"line":99,"column":0},"end":{"line":99,"column":24}},"99":{"start":{"line":100,"column":0},"end":{"line":100,"column":41}},"100":{"start":{"line":101,"column":0},"end":{"line":101,"column":5}},"102":{"start":{"line":103,"column":0},"end":{"line":103,"column":49}},"103":{"start":{"line":104,"column":0},"end":{"line":104,"column":57}},"105":{"start":{"line":106,"column":0},"end":{"line":106,"column":19}},"106":{"start":{"line":107,"column":0},"end":{"line":107,"column":3}},"108":{"start":{"line":109,"column":0},"end":{"line":109,"column":57}},"109":{"start":{"line":110,"column":0},"end":{"line":110,"column":54}},"110":{"start":{"line":111,"column":0},"end":{"line":111,"column":15}},"111":{"start":{"line":112,"column":0},"end":{"line":112,"column":47}},"112":{"start":{"line":113,"column":0},"end":{"line":113,"column":5}},"114":{"start":{"line":115,"column":0},"end":{"line":115,"column":61}},"115":{"start":{"line":116,"column":0},"end":{"line":116,"column":12}},"116":{"start":{"line":117,"column":0},"end":{"line":117,"column":17}},"117":{"start":{"line":118,"column":0},"end":{"line":118,"column":21}},"118":{"start":{"line":119,"column":0},"end":{"line":119,"column":19}},"119":{"start":{"line":120,"column":0},"end":{"line":120,"column":34}},"120":{"start":{"line":121,"column":0},"end":{"line":121,"column":41}},"121":{"start":{"line":122,"column":0},"end":{"line":122,"column":56}},"122":{"start":{"line":123,"column":0},"end":{"line":123,"column":35}},"123":{"start":{"line":124,"column":0},"end":{"line":124,"column":23}},"124":{"start":{"line":125,"column":0},"end":{"line":125,"column":10}},"125":{"start":{"line":126,"column":0},"end":{"line":126,"column":6}},"126":{"start":{"line":127,"column":0},"end":{"line":127,"column":3}},"128":{"start":{"line":129,"column":0},"end":{"line":129,"column":59}},"129":{"start":{"line":130,"column":0},"end":{"line":130,"column":54}},"130":{"start":{"line":131,"column":0},"end":{"line":131,"column":15}},"131":{"start":{"line":132,"column":0},"end":{"line":132,"column":47}},"132":{"start":{"line":133,"column":0},"end":{"line":133,"column":5}},"134":{"start":{"line":135,"column":0},"end":{"line":135,"column":51}},"135":{"start":{"line":136,"column":0},"end":{"line":136,"column":52}},"136":{"start":{"line":137,"column":0},"end":{"line":137,"column":31}},"137":{"start":{"line":138,"column":0},"end":{"line":138,"column":3}},"138":{"start":{"line":139,"column":0},"end":{"line":139,"column":1}}},"s":{"0":1,"2":1,"11":1,"13":1,"14":1,"15":20,"16":20,"17":20,"19":1,"20":1,"21":1,"22":1,"23":6,"24":6,"25":1,"26":1,"28":1,"29":5,"30":5,"31":1,"32":1,"34":4,"35":5,"36":1,"37":1,"39":5,"40":2,"41":2,"42":1,"43":1,"44":2,"46":5,"47":5,"48":2,"49":5,"51":1,"52":2,"53":2,"54":1,"55":1,"56":1,"57":2,"59":1,"60":3,"61":3,"62":1,"63":1,"65":2,"66":3,"67":1,"68":1,"69":1,"70":1,"71":1,"73":3,"74":1,"75":3,"77":1,"78":2,"79":2,"80":1,"81":1,"82":1,"83":2,"85":1,"86":1,"87":1,"88":1,"89":1,"90":1,"91":1,"93":1,"94":3,"95":3,"96":1,"97":1,"98":3,"99":1,"100":1,"102":1,"103":1,"105":1,"106":3,"108":1,"109":2,"110":2,"111":1,"112":1,"114":1,"115":1,"116":1,"117":1,"118":1,"119":1,"120":1,"121":1,"122":1,"123":1,"124":1,"125":1,"126":2,"128":1,"129":2,"130":2,"131":1,"132":1,"134":1,"135":1,"136":1,"137":2,"138":1},"branchMap":{"0":{"type":"branch","line":15,"loc":{"start":{"line":15,"column":2},"end":{"line":18,"column":6}},"locations":[{"start":{"line":15,"column":2},"end":{"line":18,"column":6}}]},"1":{"type":"branch","line":20,"loc":{"start":{"line":20,"column":10},"end":{"line":27,"column":3}},"locations":[{"start":{"line":20,"column":10},"end":{"line":27,"column":3}}]},"2":{"type":"branch","line":23,"loc":{"start":{"line":23,"column":37},"end":{"line":25,"column":5}},"locations":[{"start":{"line":23,"column":37},"end":{"line":25,"column":5}}]},"3":{"type":"branch","line":29,"loc":{"start":{"line":29,"column":2},"end":{"line":50,"column":3}},"locations":[{"start":{"line":29,"column":2},"end":{"line":50,"column":3}}]},"4":{"type":"branch","line":30,"loc":{"start":{"line":30,"column":26},"end":{"line":30,"column":66}},"locations":[{"start":{"line":30,"column":26},"end":{"line":30,"column":66}}]},"5":{"type":"branch","line":30,"loc":{"start":{"line":30,"column":62},"end":{"line":30,"column":71}},"locations":[{"start":{"line":30,"column":62},"end":{"line":30,"column":71}}]},"6":{"type":"branch","line":31,"loc":{"start":{"line":31,"column":8},"end":{"line":31,"column":46}},"locations":[{"start":{"line":31,"column":8},"end":{"line":31,"column":46}}]},"7":{"type":"branch","line":31,"loc":{"start":{"line":31,"column":46},"end":{"line":33,"column":5}},"locations":[{"start":{"line":31,"column":46},"end":{"line":33,"column":5}}]},"8":{"type":"branch","line":33,"loc":{"start":{"line":33,"column":4},"end":{"line":36,"column":21}},"locations":[{"start":{"line":33,"column":4},"end":{"line":36,"column":21}}]},"9":{"type":"branch","line":36,"loc":{"start":{"line":36,"column":21},"end":{"line":38,"column":5}},"locations":[{"start":{"line":36,"column":21},"end":{"line":38,"column":5}}]},"10":{"type":"branch","line":38,"loc":{"start":{"line":38,"column":4},"end":{"line":40,"column":25}},"locations":[{"start":{"line":38,"column":4},"end":{"line":40,"column":25}}]},"11":{"type":"branch","line":40,"loc":{"start":{"line":40,"column":25},"end":{"line":47,"column":36}},"locations":[{"start":{"line":40,"column":25},"end":{"line":47,"column":36}}]},"12":{"type":"branch","line":42,"loc":{"start":{"line":42,"column":22},"end":{"line":44,"column":7}},"locations":[{"start":{"line":42,"column":22},"end":{"line":44,"column":7}}]},"13":{"type":"branch","line":47,"loc":{"start":{"line":47,"column":21},"end":{"line":47,"column":56}},"locations":[{"start":{"line":47,"column":21},"end":{"line":47,"column":56}}]},"14":{"type":"branch","line":48,"loc":{"start":{"line":48,"column":72},"end":{"line":49,"column":38}},"locations":[{"start":{"line":48,"column":72},"end":{"line":49,"column":38}}]},"15":{"type":"branch","line":52,"loc":{"start":{"line":52,"column":2},"end":{"line":58,"column":3}},"locations":[{"start":{"line":52,"column":2},"end":{"line":58,"column":3}}]},"16":{"type":"branch","line":54,"loc":{"start":{"line":54,"column":14},"end":{"line":57,"column":44}},"locations":[{"start":{"line":54,"column":14},"end":{"line":57,"column":44}}]},"17":{"type":"branch","line":60,"loc":{"start":{"line":60,"column":2},"end":{"line":76,"column":3}},"locations":[{"start":{"line":60,"column":2},"end":{"line":76,"column":3}}]},"18":{"type":"branch","line":62,"loc":{"start":{"line":62,"column":19},"end":{"line":64,"column":5}},"locations":[{"start":{"line":62,"column":19},"end":{"line":64,"column":5}}]},"19":{"type":"branch","line":64,"loc":{"start":{"line":64,"column":4},"end":{"line":67,"column":24}},"locations":[{"start":{"line":64,"column":4},"end":{"line":67,"column":24}}]},"20":{"type":"branch","line":67,"loc":{"start":{"line":67,"column":24},"end":{"line":74,"column":67}},"locations":[{"start":{"line":67,"column":24},"end":{"line":74,"column":67}}]},"21":{"type":"branch","line":74,"loc":{"start":{"line":74,"column":60},"end":{"line":74,"column":73}},"locations":[{"start":{"line":74,"column":60},"end":{"line":74,"column":73}}]},"22":{"type":"branch","line":74,"loc":{"start":{"line":74,"column":82},"end":{"line":75,"column":48}},"locations":[{"start":{"line":74,"column":82},"end":{"line":75,"column":48}}]},"23":{"type":"branch","line":78,"loc":{"start":{"line":78,"column":2},"end":{"line":84,"column":3}},"locations":[{"start":{"line":78,"column":2},"end":{"line":84,"column":3}}]},"24":{"type":"branch","line":80,"loc":{"start":{"line":80,"column":19},"end":{"line":83,"column":40}},"locations":[{"start":{"line":80,"column":19},"end":{"line":83,"column":40}}]},"25":{"type":"branch","line":86,"loc":{"start":{"line":86,"column":2},"end":{"line":92,"column":3}},"locations":[{"start":{"line":86,"column":2},"end":{"line":92,"column":3}}]},"26":{"type":"branch","line":89,"loc":{"start":{"line":89,"column":21},"end":{"line":89,"column":62}},"locations":[{"start":{"line":89,"column":21},"end":{"line":89,"column":62}}]},"27":{"type":"branch","line":94,"loc":{"start":{"line":94,"column":2},"end":{"line":107,"column":3}},"locations":[{"start":{"line":94,"column":2},"end":{"line":107,"column":3}}]},"28":{"type":"branch","line":96,"loc":{"start":{"line":96,"column":14},"end":{"line":98,"column":5}},"locations":[{"start":{"line":96,"column":14},"end":{"line":98,"column":5}}]},"29":{"type":"branch","line":98,"loc":{"start":{"line":98,"column":4},"end":{"line":99,"column":23}},"locations":[{"start":{"line":98,"column":4},"end":{"line":99,"column":23}}]},"30":{"type":"branch","line":99,"loc":{"start":{"line":99,"column":23},"end":{"line":106,"column":19}},"locations":[{"start":{"line":99,"column":23},"end":{"line":106,"column":19}}]},"31":{"type":"branch","line":109,"loc":{"start":{"line":109,"column":2},"end":{"line":127,"column":3}},"locations":[{"start":{"line":109,"column":2},"end":{"line":127,"column":3}}]},"32":{"type":"branch","line":111,"loc":{"start":{"line":111,"column":14},"end":{"line":126,"column":6}},"locations":[{"start":{"line":111,"column":14},"end":{"line":126,"column":6}}]},"33":{"type":"branch","line":122,"loc":{"start":{"line":122,"column":47},"end":{"line":125,"column":8}},"locations":[{"start":{"line":122,"column":47},"end":{"line":125,"column":8}}]},"34":{"type":"branch","line":129,"loc":{"start":{"line":129,"column":2},"end":{"line":138,"column":3}},"locations":[{"start":{"line":129,"column":2},"end":{"line":138,"column":3}}]},"35":{"type":"branch","line":131,"loc":{"start":{"line":131,"column":14},"end":{"line":137,"column":31}},"locations":[{"start":{"line":131,"column":14},"end":{"line":137,"column":31}}]}},"b":{"0":[20],"1":[1],"2":[6],"3":[5],"4":[1],"5":[4],"6":[1],"7":[1],"8":[4],"9":[1],"10":[3],"11":[2],"12":[1],"13":[1],"14":[2],"15":[2],"16":[1],"17":[3],"18":[1],"19":[2],"20":[1],"21":[0],"22":[1],"23":[2],"24":[1],"25":[1],"26":[2],"27":[3],"28":[1],"29":[2],"30":[1],"31":[2],"32":[1],"33":[1],"34":[2],"35":[1]},"fnMap":{"0":{"name":"UrlService","decl":{"start":{"line":15,"column":2},"end":{"line":18,"column":6}},"loc":{"start":{"line":15,"column":2},"end":{"line":18,"column":6}},"line":15},"1":{"name":"generateCode","decl":{"start":{"line":20,"column":10},"end":{"line":27,"column":3}},"loc":{"start":{"line":20,"column":10},"end":{"line":27,"column":3}},"line":20},"2":{"name":"createUrl","decl":{"start":{"line":29,"column":2},"end":{"line":50,"column":3}},"loc":{"start":{"line":29,"column":2},"end":{"line":50,"column":3}},"line":29},"3":{"name":"getUrlById","decl":{"start":{"line":52,"column":2},"end":{"line":58,"column":3}},"loc":{"start":{"line":52,"column":2},"end":{"line":58,"column":3}},"line":52},"4":{"name":"updateUrl","decl":{"start":{"line":60,"column":2},"end":{"line":76,"column":3}},"loc":{"start":{"line":60,"column":2},"end":{"line":76,"column":3}},"line":60},"5":{"name":"deleteUrl","decl":{"start":{"line":78,"column":2},"end":{"line":84,"column":3}},"loc":{"start":{"line":78,"column":2},"end":{"line":84,"column":3}},"line":78},"6":{"name":"listUrls","decl":{"start":{"line":86,"column":2},"end":{"line":92,"column":3}},"loc":{"start":{"line":86,"column":2},"end":{"line":92,"column":3}},"line":86},"7":{"name":"redirect","decl":{"start":{"line":94,"column":2},"end":{"line":107,"column":3}},"loc":{"start":{"line":94,"column":2},"end":{"line":107,"column":3}},"line":94},"8":{"name":"getStats","decl":{"start":{"line":109,"column":2},"end":{"line":127,"column":3}},"loc":{"start":{"line":109,"column":2},"end":{"line":127,"column":3}},"line":109},"9":{"name":"getQrCode","decl":{"start":{"line":129,"column":2},"end":{"line":138,"column":3}},"loc":{"start":{"line":129,"column":2},"end":{"line":138,"column":3}},"line":129}},"f":{"0":20,"1":1,"2":5,"3":2,"4":3,"5":2,"6":1,"7":3,"8":2,"9":2}}
,"/home/ggm/workspace/versus-languages/projects/nodejs/src/domain/index.ts": {"path":"/home/ggm/workspace/versus-languages/projects/nodejs/src/domain/index.ts","all":false,"statementMap":{"0":{"start":{"line":1,"column":0},"end":{"line":1,"column":34}},"1":{"start":{"line":2,"column":0},"end":{"line":2,"column":36}},"2":{"start":{"line":3,"column":0},"end":{"line":3,"column":37}}},"s":{"0":1,"1":1,"2":1},"branchMap":{},"b":{},"fnMap":{},"f":{}}
,"/home/ggm/workspace/versus-languages/projects/nodejs/src/domain/entities/Click.ts": {"path":"/home/ggm/workspace/versus-languages/projects/nodejs/src/domain/entities/Click.ts","all":false,"statementMap":{"6":{"start":{"line":7,"column":0},"end":{"line":7,"column":20}},"7":{"start":{"line":8,"column":0},"end":{"line":8,"column":29}},"8":{"start":{"line":9,"column":0},"end":{"line":9,"column":32}},"9":{"start":{"line":10,"column":0},"end":{"line":10,"column":34}},"11":{"start":{"line":12,"column":0},"end":{"line":12,"column":39}},"12":{"start":{"line":13,"column":0},"end":{"line":13,"column":23}},"13":{"start":{"line":14,"column":0},"end":{"line":14,"column":29}},"14":{"start":{"line":15,"column":0},"end":{"line":15,"column":37}},"15":{"start":{"line":16,"column":0},"end":{"line":16,"column":3}},"16":{"start":{"line":17,"column":0},"end":{"line":17,"column":1}}},"s":{"6":1,"7":1,"8":0,"9":0,"11":1,"12":0,"13":0,"14":0,"15":0,"16":1},"branchMap":{},"b":{},"fnMap":{"0":{"name":"<instance_members_initializer>","decl":{"start":{"line":8,"column":18},"end":{"line":10,"column":34}},"loc":{"start":{"line":8,"column":18},"end":{"line":10,"column":34}},"line":8},"1":{"name":"Click","decl":{"start":{"line":12,"column":2},"end":{"line":16,"column":3}},"loc":{"start":{"line":12,"column":2},"end":{"line":16,"column":3}},"line":12}},"f":{"0":0,"1":0}}
,"/home/ggm/workspace/versus-languages/projects/nodejs/src/domain/entities/Url.ts": {"path":"/home/ggm/workspace/versus-languages/projects/nodejs/src/domain/entities/Url.ts","all":false,"statementMap":{"10":{"start":{"line":11,"column":0},"end":{"line":11,"column":18}},"11":{"start":{"line":12,"column":0},"end":{"line":12,"column":29}},"12":{"start":{"line":13,"column":0},"end":{"line":13,"column":31}},"13":{"start":{"line":14,"column":0},"end":{"line":14,"column":30}},"14":{"start":{"line":15,"column":0},"end":{"line":15,"column":41}},"15":{"start":{"line":16,"column":0},"end":{"line":16,"column":37}},"16":{"start":{"line":17,"column":0},"end":{"line":17,"column":34}},"17":{"start":{"line":18,"column":0},"end":{"line":18,"column":34}},"19":{"start":{"line":20,"column":0},"end":{"line":20,"column":37}},"20":{"start":{"line":21,"column":0},"end":{"line":21,"column":23}},"21":{"start":{"line":22,"column":0},"end":{"line":22,"column":27}},"22":{"start":{"line":23,"column":0},"end":{"line":23,"column":25}},"23":{"start":{"line":24,"column":0},"end":{"line":24,"column":37}},"24":{"start":{"line":25,"column":0},"end":{"line":25,"column":39}},"25":{"start":{"line":26,"column":0},"end":{"line":26,"column":37}},"26":{"start":{"line":27,"column":0},"end":{"line":27,"column":37}},"27":{"start":{"line":28,"column":0},"end":{"line":28,"column":3}},"29":{"start":{"line":30,"column":0},"end":{"line":30,"column":28}},"30":{"start":{"line":31,"column":0},"end":{"line":31,"column":38}},"31":{"start":{"line":32,"column":0},"end":{"line":32,"column":40}},"32":{"start":{"line":33,"column":0},"end":{"line":33,"column":3}},"34":{"start":{"line":35,"column":0},"end":{"line":35,"column":12}},"35":{"start":{"line":36,"column":0},"end":{"line":36,"column":12}},"36":{"start":{"line":37,"column":0},"end":{"line":37,"column":18}},"37":{"start":{"line":38,"column":0},"end":{"line":38,"column":22}},"38":{"start":{"line":39,"column":0},"end":{"line":39,"column":20}},"39":{"start":{"line":40,"column":0},"end":{"line":40,"column":56}},"40":{"start":{"line":41,"column":0},"end":{"line":41,"column":35}},"41":{"start":{"line":42,"column":0},"end":{"line":42,"column":47}},"42":{"start":{"line":43,"column":0},"end":{"line":43,"column":47}},"43":{"start":{"line":44,"column":0},"end":{"line":44,"column":6}},"44":{"start":{"line":45,"column":0},"end":{"line":45,"column":3}},"45":{"start":{"line":46,"column":0},"end":{"line":46,"column":1}}},"s":{"10":1,"11":1,"12":30,"13":30,"14":30,"15":30,"16":30,"17":30,"19":1,"20":30,"21":30,"22":30,"23":30,"24":30,"25":30,"26":30,"27":30,"29":1,"30":5,"31":3,"32":5,"34":1,"35":5,"36":5,"37":5,"38":5,"39":5,"40":5,"41":5,"42":5,"43":5,"44":5,"45":1},"branchMap":{"0":{"type":"branch","line":12,"loc":{"start":{"line":12,"column":18},"end":{"line":18,"column":34}},"locations":[{"start":{"line":12,"column":18},"end":{"line":18,"column":34}}]},"1":{"type":"branch","line":20,"loc":{"start":{"line":20,"column":2},"end":{"line":28,"column":3}},"locations":[{"start":{"line":20,"column":2},"end":{"line":28,"column":3}}]},"2":{"type":"branch","line":30,"loc":{"start":{"line":30,"column":2},"end":{"line":33,"column":3}},"locations":[{"start":{"line":30,"column":2},"end":{"line":33,"column":3}}]},"3":{"type":"branch","line":31,"loc":{"start":{"line":31,"column":25},"end":{"line":32,"column":40}},"locations":[{"start":{"line":31,"column":25},"end":{"line":32,"column":40}}]},"4":{"type":"branch","line":31,"loc":{"start":{"line":31,"column":25},"end":{"line":31,"column":38}},"locations":[{"start":{"line":31,"column":25},"end":{"line":31,"column":38}}]},"5":{"type":"branch","line":31,"loc":{"start":{"line":31,"column":32},"end":{"line":32,"column":40}},"locations":[{"start":{"line":31,"column":32},"end":{"line":32,"column":40}}]},"6":{"type":"branch","line":35,"loc":{"start":{"line":35,"column":2},"end":{"line":45,"column":3}},"locations":[{"start":{"line":35,"column":2},"end":{"line":45,"column":3}}]},"7":{"type":"branch","line":40,"loc":{"start":{"line":40,"column":23},"end":{"line":40,"column":46}},"locations":[{"start":{"line":40,"column":23},"end":{"line":40,"column":46}}]}},"b":{"0":[30],"1":[30],"2":[5],"3":[4],"4":[2],"5":[3],"6":[5],"7":[0]},"fnMap":{"0":{"name":"<instance_members_initializer>","decl":{"start":{"line":12,"column":18},"end":{"line":18,"column":34}},"loc":{"start":{"line":12,"column":18},"end":{"line":18,"column":34}},"line":12},"1":{"name":"Url","decl":{"start":{"line":20,"column":2},"end":{"line":28,"column":3}},"loc":{"start":{"line":20,"column":2},"end":{"line":28,"column":3}},"line":20},"2":{"name":"get isExpired","decl":{"start":{"line":30,"column":2},"end":{"line":33,"column":3}},"loc":{"start":{"line":30,"column":2},"end":{"line":33,"column":3}},"line":30},"3":{"name":"toJSON","decl":{"start":{"line":35,"column":2},"end":{"line":45,"column":3}},"loc":{"start":{"line":35,"column":2},"end":{"line":45,"column":3}},"line":35}},"f":{"0":30,"1":30,"2":5,"3":5}}
,"/home/ggm/workspace/versus-languages/projects/nodejs/src/domain/errors/AppError.ts": {"path":"/home/ggm/workspace/versus-languages/projects/nodejs/src/domain/errors/AppError.ts","all":false,"statementMap":{"0":{"start":{"line":1,"column":0},"end":{"line":1,"column":37}},"1":{"start":{"line":2,"column":0},"end":{"line":2,"column":37}},"2":{"start":{"line":3,"column":0},"end":{"line":3,"column":41}},"4":{"start":{"line":5,"column":0},"end":{"line":5,"column":74}},"5":{"start":{"line":6,"column":0},"end":{"line":6,"column":19}},"6":{"start":{"line":7,"column":0},"end":{"line":7,"column":33}},"7":{"start":{"line":8,"column":0},"end":{"line":8,"column":39}},"8":{"start":{"line":9,"column":0},"end":{"line":9,"column":52}},"9":{"start":{"line":10,"column":0},"end":{"line":10,"column":3}},"10":{"start":{"line":11,"column":0},"end":{"line":11,"column":1}},"12":{"start":{"line":13,"column":0},"end":{"line":13,"column":45}},"13":{"start":{"line":14,"column":0},"end":{"line":14,"column":47}},"14":{"start":{"line":15,"column":0},"end":{"line":15,"column":24}},"15":{"start":{"line":16,"column":0},"end":{"line":16,"column":3}},"16":{"start":{"line":17,"column":0},"end":{"line":17,"column":1}},"18":{"start":{"line":19,"column":0},"end":{"line":19,"column":47}},"19":{"start":{"line":20,"column":0},"end":{"line":20,"column":32}},"20":{"start":{"line":21,"column":0},"end":{"line":21,"column":24}},"21":{"start":{"line":22,"column":0},"end":{"line":22,"column":3}},"22":{"start":{"line":23,"column":0},"end":{"line":23,"column":1}},"24":{"start":{"line":25,"column":0},"end":{"line":25,"column":45}},"25":{"start":{"line":26,"column":0},"end":{"line":26,"column":32}},"26":{"start":{"line":27,"column":0},"end":{"line":27,"column":24}},"27":{"start":{"line":28,"column":0},"end":{"line":28,"column":3}},"28":{"start":{"line":29,"column":0},"end":{"line":29,"column":1}},"30":{"start":{"line":31,"column":0},"end":{"line":31,"column":41}},"31":{"start":{"line":32,"column":0},"end":{"line":32,"column":45}},"32":{"start":{"line":33,"column":0},"end":{"line":33,"column":24}},"33":{"start":{"line":34,"column":0},"end":{"line":34,"column":3}},"34":{"start":{"line":35,"column":0},"end":{"line":35,"column":1}}},"s":{"0":1,"1":1,"2":22,"4":1,"5":22,"6":22,"7":22,"8":22,"9":22,"10":1,"12":1,"13":1,"14":9,"15":9,"16":1,"18":1,"19":1,"20":4,"21":4,"22":1,"24":1,"25":1,"26":3,"27":3,"28":1,"30":1,"31":1,"32":4,"33":4,"34":1},"branchMap":{"0":{"type":"branch","line":2,"loc":{"start":{"line":2,"column":18},"end":{"line":3,"column":41}},"locations":[{"start":{"line":2,"column":18},"end":{"line":3,"column":41}}]},"1":{"type":"branch","line":5,"loc":{"start":{"line":5,"column":2},"end":{"line":10,"column":3}},"locations":[{"start":{"line":5,"column":2},"end":{"line":10,"column":3}}]},"2":{"type":"branch","line":14,"loc":{"start":{"line":14,"column":2},"end":{"line":16,"column":3}},"locations":[{"start":{"line":14,"column":2},"end":{"line":16,"column":3}}]},"3":{"type":"branch","line":20,"loc":{"start":{"line":20,"column":2},"end":{"line":22,"column":3}},"locations":[{"start":{"line":20,"column":2},"end":{"line":22,"column":3}}]},"4":{"type":"branch","line":26,"loc":{"start":{"line":26,"column":2},"end":{"line":28,"column":3}},"locations":[{"start":{"line":26,"column":2},"end":{"line":28,"column":3}}]},"5":{"type":"branch","line":32,"loc":{"start":{"line":32,"column":2},"end":{"line":34,"column":3}},"locations":[{"start":{"line":32,"column":2},"end":{"line":34,"column":3}}]}},"b":{"0":[22],"1":[22],"2":[9],"3":[4],"4":[3],"5":[4]},"fnMap":{"0":{"name":"<instance_members_initializer>","decl":{"start":{"line":2,"column":18},"end":{"line":3,"column":41}},"loc":{"start":{"line":2,"column":18},"end":{"line":3,"column":41}},"line":2},"1":{"name":"AppError","decl":{"start":{"line":5,"column":2},"end":{"line":10,"column":3}},"loc":{"start":{"line":5,"column":2},"end":{"line":10,"column":3}},"line":5},"2":{"name":"NotFoundError","decl":{"start":{"line":14,"column":2},"end":{"line":16,"column":3}},"loc":{"start":{"line":14,"column":2},"end":{"line":16,"column":3}},"line":14},"3":{"name":"BadRequestError","decl":{"start":{"line":20,"column":2},"end":{"line":22,"column":3}},"loc":{"start":{"line":20,"column":2},"end":{"line":22,"column":3}},"line":20},"4":{"name":"ConflictError","decl":{"start":{"line":26,"column":2},"end":{"line":28,"column":3}},"loc":{"start":{"line":26,"column":2},"end":{"line":28,"column":3}},"line":26},"5":{"name":"GoneError","decl":{"start":{"line":32,"column":2},"end":{"line":34,"column":3}},"loc":{"start":{"line":32,"column":2},"end":{"line":34,"column":3}},"line":32}},"f":{"0":22,"1":22,"2":9,"3":4,"4":3,"5":4}}
,"/home/ggm/workspace/versus-languages/projects/nodejs/src/infrastructure/database/DatabaseClient.ts": {"path":"/home/ggm/workspace/versus-languages/projects/nodejs/src/infrastructure/database/DatabaseClient.ts","all":true,"statementMap":{"0":{"start":{"line":1,"column":0},"end":{"line":1,"column":32}},"2":{"start":{"line":3,"column":0},"end":{"line":3,"column":59}},"4":{"start":{"line":5,"column":0},"end":{"line":5,"column":60}},"5":{"start":{"line":6,"column":0},"end":{"line":6,"column":21}},"6":{"start":{"line":7,"column":0},"end":{"line":7,"column":111}},"7":{"start":{"line":8,"column":0},"end":{"line":8,"column":3}},"8":{"start":{"line":9,"column":0},"end":{"line":9,"column":21}},"9":{"start":{"line":10,"column":0},"end":{"line":10,"column":1}},"11":{"start":{"line":12,"column":0},"end":{"line":12,"column":54}},"12":{"start":{"line":13,"column":0},"end":{"line":13,"column":20}},"13":{"start":{"line":14,"column":0},"end":{"line":14,"column":28}},"14":{"start":{"line":15,"column":0},"end":{"line":15,"column":23}},"15":{"start":{"line":16,"column":0},"end":{"line":16,"column":3}},"16":{"start":{"line":17,"column":0},"end":{"line":17,"column":1}}},"s":{"0":0,"2":0,"4":0,"5":0,"6":0,"7":0,"8":0,"9":0,"11":0,"12":0,"13":0,"14":0,"15":0,"16":0},"branchMap":{"0":{"type":"branch","line":1,"loc":{"start":{"line":1,"column":453},"end":{"line":17,"column":1}},"locations":[{"start":{"line":1,"column":453},"end":{"line":17,"column":1}}]}},"b":{"0":[0]},"fnMap":{"0":{"name":"(empty-report)","decl":{"start":{"line":1,"column":453},"end":{"line":17,"column":1}},"loc":{"start":{"line":1,"column":453},"end":{"line":17,"column":1}},"line":1}},"f":{"0":0}}
,"/home/ggm/workspace/versus-languages/projects/nodejs/src/infrastructure/repositories/PostgresUrlRepository.ts": {"path":"/home/ggm/workspace/versus-languages/projects/nodejs/src/infrastructure/repositories/PostgresUrlRepository.ts","all":false,"statementMap":{"0":{"start":{"line":1,"column":0},"end":{"line":1,"column":44}},"2":{"start":{"line":3,"column":0},"end":{"line":3,"column":60}},"14":{"start":{"line":15,"column":0},"end":{"line":15,"column":37}},"15":{"start":{"line":16,"column":0},"end":{"line":16,"column":18}},"16":{"start":{"line":17,"column":0},"end":{"line":17,"column":15}},"17":{"start":{"line":18,"column":0},"end":{"line":18,"column":19}},"18":{"start":{"line":19,"column":0},"end":{"line":19,"column":17}},"19":{"start":{"line":20,"column":0},"end":{"line":20,"column":64}},"20":{"start":{"line":21,"column":0},"end":{"line":21,"column":46}},"21":{"start":{"line":22,"column":0},"end":{"line":22,"column":30}},"22":{"start":{"line":23,"column":0},"end":{"line":23,"column":30}},"23":{"start":{"line":24,"column":0},"end":{"line":24,"column":5}},"24":{"start":{"line":25,"column":0},"end":{"line":25,"column":1}},"26":{"start":{"line":27,"column":0},"end":{"line":27,"column":61}},"27":{"start":{"line":28,"column":0},"end":{"line":28,"column":21}},"28":{"start":{"line":29,"column":0},"end":{"line":29,"column":25}},"29":{"start":{"line":30,"column":0},"end":{"line":30,"column":3}},"31":{"start":{"line":32,"column":0},"end":{"line":32,"column":51}},"32":{"start":{"line":33,"column":0},"end":{"line":33,"column":80}},"33":{"start":{"line":34,"column":0},"end":{"line":34,"column":38}},"34":{"start":{"line":35,"column":0},"end":{"line":35,"column":3}},"36":{"start":{"line":37,"column":0},"end":{"line":37,"column":55}},"37":{"start":{"line":38,"column":0},"end":{"line":38,"column":84}},"38":{"start":{"line":39,"column":0},"end":{"line":39,"column":38}},"39":{"start":{"line":40,"column":0},"end":{"line":40,"column":3}},"41":{"start":{"line":42,"column":0},"end":{"line":42,"column":77}},"42":{"start":{"line":43,"column":0},"end":{"line":43,"column":25}},"43":{"start":{"line":44,"column":0},"end":{"line":44,"column":84}},"44":{"start":{"line":45,"column":0},"end":{"line":45,"column":40}},"45":{"start":{"line":46,"column":0},"end":{"line":46,"column":5}},"46":{"start":{"line":47,"column":0},"end":{"line":47,"column":43}},"47":{"start":{"line":48,"column":0},"end":{"line":48,"column":90}},"49":{"start":{"line":50,"column":0},"end":{"line":50,"column":38}},"50":{"start":{"line":51,"column":0},"end":{"line":51,"column":3}},"52":{"start":{"line":53,"column":0},"end":{"line":53,"column":58}},"53":{"start":{"line":54,"column":0},"end":{"line":54,"column":56}},"54":{"start":{"line":55,"column":0},"end":{"line":55,"column":70}},"56":{"start":{"line":57,"column":0},"end":{"line":57,"column":32}},"57":{"start":{"line":58,"column":0},"end":{"line":58,"column":3}},"59":{"start":{"line":60,"column":0},"end":{"line":60,"column":89}},"60":{"start":{"line":61,"column":0},"end":{"line":61,"column":40}},"61":{"start":{"line":62,"column":0},"end":{"line":62,"column":42}},"62":{"start":{"line":63,"column":0},"end":{"line":63,"column":83}},"64":{"start":{"line":65,"column":0},"end":{"line":65,"column":96}},"65":{"start":{"line":66,"column":0},"end":{"line":66,"column":68}},"66":{"start":{"line":67,"column":0},"end":{"line":67,"column":3}},"68":{"start":{"line":69,"column":0},"end":{"line":69,"column":81}},"69":{"start":{"line":70,"column":0},"end":{"line":70,"column":43}},"71":{"start":{"line":72,"column":0},"end":{"line":72,"column":44}},"74":{"start":{"line":75,"column":0},"end":{"line":75,"column":25}},"75":{"start":{"line":76,"column":0},"end":{"line":76,"column":3}},"77":{"start":{"line":78,"column":0},"end":{"line":78,"column":86}},"78":{"start":{"line":79,"column":0},"end":{"line":79,"column":43}},"80":{"start":{"line":81,"column":0},"end":{"line":81,"column":38}},"81":{"start":{"line":82,"column":0},"end":{"line":82,"column":36}},"83":{"start":{"line":84,"column":0},"end":{"line":84,"column":22}},"86":{"start":{"line":87,"column":0},"end":{"line":87,"column":25}},"87":{"start":{"line":88,"column":0},"end":{"line":88,"column":3}},"89":{"start":{"line":90,"column":0},"end":{"line":90,"column":43}},"90":{"start":{"line":91,"column":0},"end":{"line":91,"column":54}},"91":{"start":{"line":92,"column":0},"end":{"line":92,"column":3}},"93":{"start":{"line":94,"column":0},"end":{"line":94,"column":56}},"94":{"start":{"line":95,"column":0},"end":{"line":95,"column":83}},"95":{"start":{"line":96,"column":0},"end":{"line":96,"column":3}},"97":{"start":{"line":98,"column":0},"end":{"line":98,"column":51}},"98":{"start":{"line":99,"column":0},"end":{"line":99,"column":66}},"99":{"start":{"line":100,"column":0},"end":{"line":100,"column":3}},"101":{"start":{"line":102,"column":0},"end":{"line":102,"column":44}},"104":{"start":{"line":105,"column":0},"end":{"line":105,"column":6}},"105":{"start":{"line":106,"column":0},"end":{"line":106,"column":75}},"108":{"start":{"line":109,"column":0},"end":{"line":109,"column":26}},"114":{"start":{"line":115,"column":0},"end":{"line":115,"column":74}},"117":{"start":{"line":118,"column":0},"end":{"line":118,"column":26}},"123":{"start":{"line":124,"column":0},"end":{"line":124,"column":12}},"124":{"start":{"line":125,"column":0},"end":{"line":125,"column":48}},"125":{"start":{"line":126,"column":0},"end":{"line":126,"column":23}},"126":{"start":{"line":127,"column":0},"end":{"line":127,"column":39}},"127":{"start":{"line":128,"column":0},"end":{"line":128,"column":10}},"128":{"start":{"line":129,"column":0},"end":{"line":129,"column":50}},"129":{"start":{"line":130,"column":0},"end":{"line":130,"column":23}},"130":{"start":{"line":131,"column":0},"end":{"line":131,"column":39}},"131":{"start":{"line":132,"column":0},"end":{"line":132,"column":10}},"132":{"start":{"line":133,"column":0},"end":{"line":133,"column":6}},"133":{"start":{"line":134,"column":0},"end":{"line":134,"column":3}},"134":{"start":{"line":135,"column":0},"end":{"line":135,"column":1}}},"s":{"0":1,"2":1,"14":9,"15":9,"16":9,"17":9,"18":9,"19":9,"20":9,"21":9,"22":9,"23":9,"24":9,"26":1,"27":1,"28":27,"29":27,"31":1,"32":3,"33":3,"34":3,"36":1,"37":2,"38":2,"39":2,"41":1,"42":3,"43":0,"44":0,"45":0,"46":3,"47":3,"49":3,"50":3,"52":1,"53":3,"54":3,"56":3,"57":3,"59":1,"60":3,"61":3,"62":3,"64":3,"65":3,"66":3,"68":1,"69":2,"71":2,"74":2,"75":2,"77":1,"78":1,"80":1,"81":1,"83":1,"86":1,"87":1,"89":1,"90":1,"91":1,"93":1,"94":1,"95":1,"97":1,"98":1,"99":1,"101":1,"104":2,"105":2,"108":2,"114":2,"117":2,"123":2,"124":2,"125":1,"126":1,"127":2,"128":2,"129":1,"130":1,"131":2,"132":2,"133":2,"134":1},"branchMap":{"0":{"type":"branch","line":15,"loc":{"start":{"line":15,"column":0},"end":{"line":25,"column":1}},"locations":[{"start":{"line":15,"column":0},"end":{"line":25,"column":1}}]},"1":{"type":"branch","line":20,"loc":{"start":{"line":20,"column":19},"end":{"line":20,"column":59}},"locations":[{"start":{"line":20,"column":19},"end":{"line":20,"column":59}}]},"2":{"type":"branch","line":28,"loc":{"start":{"line":28,"column":2},"end":{"line":30,"column":3}},"locations":[{"start":{"line":28,"column":2},"end":{"line":30,"column":3}}]},"3":{"type":"branch","line":32,"loc":{"start":{"line":32,"column":2},"end":{"line":35,"column":3}},"locations":[{"start":{"line":32,"column":2},"end":{"line":35,"column":3}}]},"4":{"type":"branch","line":34,"loc":{"start":{"line":34,"column":11},"end":{"line":34,"column":33}},"locations":[{"start":{"line":34,"column":11},"end":{"line":34,"column":33}}]},"5":{"type":"branch","line":34,"loc":{"start":{"line":34,"column":29},"end":{"line":34,"column":38}},"locations":[{"start":{"line":34,"column":29},"end":{"line":34,"column":38}}]},"6":{"type":"branch","line":37,"loc":{"start":{"line":37,"column":2},"end":{"line":40,"column":3}},"locations":[{"start":{"line":37,"column":2},"end":{"line":40,"column":3}}]},"7":{"type":"branch","line":39,"loc":{"start":{"line":39,"column":11},"end":{"line":39,"column":33}},"locations":[{"start":{"line":39,"column":11},"end":{"line":39,"column":33}}]},"8":{"type":"branch","line":39,"loc":{"start":{"line":39,"column":29},"end":{"line":39,"column":38}},"locations":[{"start":{"line":39,"column":29},"end":{"line":39,"column":38}}]},"9":{"type":"branch","line":42,"loc":{"start":{"line":42,"column":2},"end":{"line":51,"column":3}},"locations":[{"start":{"line":42,"column":2},"end":{"line":51,"column":3}}]},"10":{"type":"branch","line":43,"loc":{"start":{"line":43,"column":24},"end":{"line":46,"column":5}},"locations":[{"start":{"line":43,"column":24},"end":{"line":46,"column":5}}]},"11":{"type":"branch","line":50,"loc":{"start":{"line":50,"column":11},"end":{"line":50,"column":33}},"locations":[{"start":{"line":50,"column":11},"end":{"line":50,"column":33}}]},"12":{"type":"branch","line":50,"loc":{"start":{"line":50,"column":29},"end":{"line":50,"column":38}},"locations":[{"start":{"line":50,"column":29},"end":{"line":50,"column":38}}]},"13":{"type":"branch","line":53,"loc":{"start":{"line":53,"column":2},"end":{"line":58,"column":3}},"locations":[{"start":{"line":53,"column":2},"end":{"line":58,"column":3}}]},"14":{"type":"branch","line":57,"loc":{"start":{"line":57,"column":11},"end":{"line":57,"column":26}},"locations":[{"start":{"line":57,"column":11},"end":{"line":57,"column":26}}]},"15":{"type":"branch","line":57,"loc":{"start":{"line":57,"column":16},"end":{"line":57,"column":32}},"locations":[{"start":{"line":57,"column":16},"end":{"line":57,"column":32}}]},"16":{"type":"branch","line":60,"loc":{"start":{"line":60,"column":2},"end":{"line":67,"column":3}},"locations":[{"start":{"line":60,"column":2},"end":{"line":67,"column":3}}]},"17":{"type":"branch","line":69,"loc":{"start":{"line":69,"column":2},"end":{"line":76,"column":3}},"locations":[{"start":{"line":69,"column":2},"end":{"line":76,"column":3}}]},"18":{"type":"branch","line":78,"loc":{"start":{"line":78,"column":2},"end":{"line":88,"column":3}},"locations":[{"start":{"line":78,"column":2},"end":{"line":88,"column":3}}]},"19":{"type":"branch","line":90,"loc":{"start":{"line":90,"column":2},"end":{"line":92,"column":3}},"locations":[{"start":{"line":90,"column":2},"end":{"line":92,"column":3}}]},"20":{"type":"branch","line":94,"loc":{"start":{"line":94,"column":2},"end":{"line":96,"column":3}},"locations":[{"start":{"line":94,"column":2},"end":{"line":96,"column":3}}]},"21":{"type":"branch","line":98,"loc":{"start":{"line":98,"column":2},"end":{"line":100,"column":3}},"locations":[{"start":{"line":98,"column":2},"end":{"line":100,"column":3}}]},"22":{"type":"branch","line":102,"loc":{"start":{"line":102,"column":2},"end":{"line":134,"column":3}},"locations":[{"start":{"line":102,"column":2},"end":{"line":134,"column":3}}]},"23":{"type":"branch","line":125,"loc":{"start":{"line":125,"column":37},"end":{"line":128,"column":8}},"locations":[{"start":{"line":125,"column":37},"end":{"line":128,"column":8}}]},"24":{"type":"branch","line":129,"loc":{"start":{"line":129,"column":39},"end":{"line":132,"column":8}},"locations":[{"start":{"line":129,"column":39},"end":{"line":132,"column":8}}]}},"b":{"0":[9],"1":[0],"2":[27],"3":[3],"4":[1],"5":[2],"6":[2],"7":[1],"8":[1],"9":[3],"10":[0],"11":[2],"12":[1],"13":[3],"14":[2],"15":[1],"16":[3],"17":[2],"18":[1],"19":[1],"20":[1],"21":[1],"22":[2],"23":[1],"24":[1]},"fnMap":{"0":{"name":"rowToUrl","decl":{"start":{"line":15,"column":0},"end":{"line":25,"column":1}},"loc":{"start":{"line":15,"column":0},"end":{"line":25,"column":1}},"line":15},"1":{"name":"get sql","decl":{"start":{"line":28,"column":2},"end":{"line":30,"column":3}},"loc":{"start":{"line":28,"column":2},"end":{"line":30,"column":3}},"line":28},"2":{"name":"findById","decl":{"start":{"line":32,"column":2},"end":{"line":35,"column":3}},"loc":{"start":{"line":32,"column":2},"end":{"line":35,"column":3}},"line":32},"3":{"name":"findByCode","decl":{"start":{"line":37,"column":2},"end":{"line":40,"column":3}},"loc":{"start":{"line":37,"column":2},"end":{"line":40,"column":3}},"line":37},"4":{"name":"findByUrl","decl":{"start":{"line":42,"column":2},"end":{"line":51,"column":3}},"loc":{"start":{"line":42,"column":2},"end":{"line":51,"column":3}},"line":42},"5":{"name":"findByCodeExists","decl":{"start":{"line":53,"column":2},"end":{"line":58,"column":3}},"loc":{"start":{"line":53,"column":2},"end":{"line":58,"column":3}},"line":53},"6":{"name":"findAll","decl":{"start":{"line":60,"column":2},"end":{"line":67,"column":3}},"loc":{"start":{"line":60,"column":2},"end":{"line":67,"column":3}},"line":60},"7":{"name":"create","decl":{"start":{"line":69,"column":2},"end":{"line":76,"column":3}},"loc":{"start":{"line":69,"column":2},"end":{"line":76,"column":3}},"line":69},"8":{"name":"update","decl":{"start":{"line":78,"column":2},"end":{"line":88,"column":3}},"loc":{"start":{"line":78,"column":2},"end":{"line":88,"column":3}},"line":78},"9":{"name":"delete","decl":{"start":{"line":90,"column":2},"end":{"line":92,"column":3}},"loc":{"start":{"line":90,"column":2},"end":{"line":92,"column":3}},"line":90},"10":{"name":"incrementClickCount","decl":{"start":{"line":94,"column":2},"end":{"line":96,"column":3}},"loc":{"start":{"line":94,"column":2},"end":{"line":96,"column":3}},"line":94},"11":{"name":"recordClick","decl":{"start":{"line":98,"column":2},"end":{"line":100,"column":3}},"loc":{"start":{"line":98,"column":2},"end":{"line":100,"column":3}},"line":98},"12":{"name":"getClickStats","decl":{"start":{"line":102,"column":2},"end":{"line":134,"column":3}},"loc":{"start":{"line":102,"column":2},"end":{"line":134,"column":3}},"line":102}},"f":{"0":9,"1":27,"2":3,"3":2,"4":3,"5":3,"6":3,"7":2,"8":1,"9":1,"10":1,"11":1,"12":2}}
,"/home/ggm/workspace/versus-languages/projects/nodejs/src/presentation/controllers/UrlController.ts": {"path":"/home/ggm/workspace/versus-languages/projects/nodejs/src/presentation/controllers/UrlController.ts","all":false,"statementMap":{"2":{"start":{"line":3,"column":0},"end":{"line":3,"column":101}},"3":{"start":{"line":4,"column":0},"end":{"line":4,"column":76}},"5":{"start":{"line":6,"column":0},"end":{"line":6,"column":28}},"6":{"start":{"line":7,"column":0},"end":{"line":7,"column":14}},"7":{"start":{"line":8,"column":0},"end":{"line":8,"column":44}},"8":{"start":{"line":9,"column":0},"end":{"line":9,"column":45}},"9":{"start":{"line":10,"column":0},"end":{"line":10,"column":5}},"10":{"start":{"line":11,"column":0},"end":{"line":11,"column":26}},"11":{"start":{"line":12,"column":0},"end":{"line":12,"column":3}},"13":{"start":{"line":14,"column":0},"end":{"line":14,"column":81}},"14":{"start":{"line":15,"column":0},"end":{"line":15,"column":36}},"15":{"start":{"line":16,"column":0},"end":{"line":16,"column":68}},"16":{"start":{"line":17,"column":0},"end":{"line":17,"column":13}},"17":{"start":{"line":18,"column":0},"end":{"line":18,"column":5}},"18":{"start":{"line":19,"column":0},"end":{"line":19,"column":34}},"19":{"start":{"line":20,"column":0},"end":{"line":20,"column":63}},"20":{"start":{"line":21,"column":0},"end":{"line":21,"column":3}},"22":{"start":{"line":23,"column":0},"end":{"line":23,"column":34}},"23":{"start":{"line":24,"column":0},"end":{"line":24,"column":64}},"25":{"start":{"line":26,"column":0},"end":{"line":26,"column":88}},"26":{"start":{"line":27,"column":0},"end":{"line":27,"column":11}},"27":{"start":{"line":28,"column":0},"end":{"line":28,"column":63}},"28":{"start":{"line":29,"column":0},"end":{"line":29,"column":30}},"29":{"start":{"line":30,"column":0},"end":{"line":30,"column":79}},"30":{"start":{"line":31,"column":0},"end":{"line":31,"column":45}},"31":{"start":{"line":32,"column":0},"end":{"line":32,"column":9}},"33":{"start":{"line":34,"column":0},"end":{"line":34,"column":68}},"34":{"start":{"line":35,"column":0},"end":{"line":35,"column":57}},"35":{"start":{"line":36,"column":0},"end":{"line":36,"column":73}},"36":{"start":{"line":37,"column":0},"end":{"line":37,"column":48}},"37":{"start":{"line":38,"column":0},"end":{"line":38,"column":23}},"38":{"start":{"line":39,"column":0},"end":{"line":39,"column":45}},"39":{"start":{"line":40,"column":0},"end":{"line":40,"column":7}},"40":{"start":{"line":41,"column":0},"end":{"line":41,"column":7}},"42":{"start":{"line":43,"column":0},"end":{"line":43,"column":119}},"43":{"start":{"line":44,"column":0},"end":{"line":44,"column":11}},"44":{"start":{"line":45,"column":0},"end":{"line":45,"column":38}},"45":{"start":{"line":46,"column":0},"end":{"line":46,"column":62}},"46":{"start":{"line":47,"column":0},"end":{"line":47,"column":29}},"47":{"start":{"line":48,"column":0},"end":{"line":48,"column":23}},"48":{"start":{"line":49,"column":0},"end":{"line":49,"column":45}},"49":{"start":{"line":50,"column":0},"end":{"line":50,"column":7}},"50":{"start":{"line":51,"column":0},"end":{"line":51,"column":7}},"52":{"start":{"line":53,"column":0},"end":{"line":53,"column":43}},"53":{"start":{"line":54,"column":0},"end":{"line":54,"column":73}},"54":{"start":{"line":55,"column":0},"end":{"line":55,"column":25}},"55":{"start":{"line":56,"column":0},"end":{"line":56,"column":10}},"56":{"start":{"line":57,"column":0},"end":{"line":57,"column":11}},"57":{"start":{"line":58,"column":0},"end":{"line":58,"column":38}},"58":{"start":{"line":59,"column":0},"end":{"line":59,"column":63}},"59":{"start":{"line":60,"column":0},"end":{"line":60,"column":30}},"60":{"start":{"line":61,"column":0},"end":{"line":61,"column":79}},"61":{"start":{"line":62,"column":0},"end":{"line":62,"column":45}},"62":{"start":{"line":63,"column":0},"end":{"line":63,"column":9}},"64":{"start":{"line":65,"column":0},"end":{"line":65,"column":74}},"65":{"start":{"line":66,"column":0},"end":{"line":66,"column":29}},"66":{"start":{"line":67,"column":0},"end":{"line":67,"column":23}},"67":{"start":{"line":68,"column":0},"end":{"line":68,"column":45}},"68":{"start":{"line":69,"column":0},"end":{"line":69,"column":7}},"69":{"start":{"line":70,"column":0},"end":{"line":70,"column":7}},"71":{"start":{"line":72,"column":0},"end":{"line":72,"column":122}},"72":{"start":{"line":73,"column":0},"end":{"line":73,"column":11}},"73":{"start":{"line":74,"column":0},"end":{"line":74,"column":38}},"74":{"start":{"line":75,"column":0},"end":{"line":75,"column":44}},"75":{"start":{"line":76,"column":0},"end":{"line":76,"column":33}},"76":{"start":{"line":77,"column":0},"end":{"line":77,"column":23}},"77":{"start":{"line":78,"column":0},"end":{"line":78,"column":45}},"78":{"start":{"line":79,"column":0},"end":{"line":79,"column":7}},"79":{"start":{"line":80,"column":0},"end":{"line":80,"column":7}},"81":{"start":{"line":82,"column":0},"end":{"line":82,"column":142}},"82":{"start":{"line":83,"column":0},"end":{"line":83,"column":11}},"83":{"start":{"line":84,"column":0},"end":{"line":84,"column":65}},"84":{"start":{"line":85,"column":0},"end":{"line":85,"column":30}},"85":{"start":{"line":86,"column":0},"end":{"line":86,"column":79}},"86":{"start":{"line":87,"column":0},"end":{"line":87,"column":45}},"87":{"start":{"line":88,"column":0},"end":{"line":88,"column":9}},"89":{"start":{"line":90,"column":0},"end":{"line":90,"column":96}},"90":{"start":{"line":91,"column":0},"end":{"line":91,"column":29}},"91":{"start":{"line":92,"column":0},"end":{"line":92,"column":23}},"92":{"start":{"line":93,"column":0},"end":{"line":93,"column":45}},"93":{"start":{"line":94,"column":0},"end":{"line":94,"column":7}},"94":{"start":{"line":95,"column":0},"end":{"line":95,"column":7}},"96":{"start":{"line":97,"column":0},"end":{"line":97,"column":118}},"97":{"start":{"line":98,"column":0},"end":{"line":98,"column":11}},"98":{"start":{"line":99,"column":0},"end":{"line":99,"column":40}},"99":{"start":{"line":100,"column":0},"end":{"line":100,"column":65}},"100":{"start":{"line":101,"column":0},"end":{"line":101,"column":41}},"101":{"start":{"line":102,"column":0},"end":{"line":102,"column":23}},"102":{"start":{"line":103,"column":0},"end":{"line":103,"column":45}},"103":{"start":{"line":104,"column":0},"end":{"line":104,"column":7}},"104":{"start":{"line":105,"column":0},"end":{"line":105,"column":7}},"106":{"start":{"line":107,"column":0},"end":{"line":107,"column":125}},"107":{"start":{"line":108,"column":0},"end":{"line":108,"column":11}},"108":{"start":{"line":109,"column":0},"end":{"line":109,"column":38}},"109":{"start":{"line":110,"column":0},"end":{"line":110,"column":60}},"110":{"start":{"line":111,"column":0},"end":{"line":111,"column":29}},"111":{"start":{"line":112,"column":0},"end":{"line":112,"column":23}},"112":{"start":{"line":113,"column":0},"end":{"line":113,"column":45}},"113":{"start":{"line":114,"column":0},"end":{"line":114,"column":7}},"114":{"start":{"line":115,"column":0},"end":{"line":115,"column":7}},"116":{"start":{"line":117,"column":0},"end":{"line":117,"column":122}},"117":{"start":{"line":118,"column":0},"end":{"line":118,"column":11}},"118":{"start":{"line":119,"column":0},"end":{"line":119,"column":38}},"119":{"start":{"line":120,"column":0},"end":{"line":120,"column":61}},"120":{"start":{"line":121,"column":0},"end":{"line":121,"column":29}},"121":{"start":{"line":122,"column":0},"end":{"line":122,"column":23}},"122":{"start":{"line":123,"column":0},"end":{"line":123,"column":45}},"123":{"start":{"line":124,"column":0},"end":{"line":124,"column":7}},"124":{"start":{"line":125,"column":0},"end":{"line":125,"column":7}},"125":{"start":{"line":126,"column":0},"end":{"line":126,"column":3}},"126":{"start":{"line":127,"column":0},"end":{"line":127,"column":1}}},"s":{"2":1,"3":1,"5":1,"6":1,"7":14,"8":14,"9":14,"10":14,"11":14,"13":1,"14":5,"15":4,"16":4,"17":4,"18":1,"19":1,"20":5,"22":1,"23":14,"25":14,"26":1,"27":1,"28":1,"29":0,"30":0,"31":0,"33":1,"34":1,"35":1,"36":0,"37":1,"38":1,"39":1,"40":14,"42":14,"43":4,"44":4,"45":4,"46":0,"47":4,"48":4,"49":4,"50":14,"52":14,"53":0,"54":0,"55":0,"56":0,"57":0,"58":0,"59":0,"60":0,"61":0,"62":0,"64":0,"65":0,"66":0,"67":0,"68":0,"69":14,"71":14,"72":0,"73":0,"74":0,"75":0,"76":0,"77":0,"78":0,"79":14,"81":14,"82":0,"83":0,"84":0,"85":0,"86":0,"87":0,"89":0,"90":0,"91":0,"92":0,"93":0,"94":14,"96":14,"97":0,"98":0,"99":0,"100":0,"101":0,"102":0,"103":0,"104":14,"106":14,"107":0,"108":0,"109":0,"110":0,"111":0,"112":0,"113":0,"114":14,"116":14,"117":0,"118":0,"119":0,"120":0,"121":0,"122":0,"123":0,"124":14,"125":14,"126":1},"branchMap":{"0":{"type":"branch","line":7,"loc":{"start":{"line":7,"column":2},"end":{"line":12,"column":3}},"locations":[{"start":{"line":7,"column":2},"end":{"line":12,"column":3}}]},"1":{"type":"branch","line":14,"loc":{"start":{"line":14,"column":2},"end":{"line":21,"column":3}},"locations":[{"start":{"line":14,"column":2},"end":{"line":21,"column":3}}]},"2":{"type":"branch","line":15,"loc":{"start":{"line":15,"column":35},"end":{"line":18,"column":5}},"locations":[{"start":{"line":15,"column":35},"end":{"line":18,"column":5}}]},"3":{"type":"branch","line":18,"loc":{"start":{"line":18,"column":4},"end":{"line":20,"column":63}},"locations":[{"start":{"line":18,"column":4},"end":{"line":20,"column":63}}]},"4":{"type":"branch","line":23,"loc":{"start":{"line":23,"column":10},"end":{"line":126,"column":3}},"locations":[{"start":{"line":23,"column":10},"end":{"line":126,"column":3}}]},"5":{"type":"branch","line":26,"loc":{"start":{"line":26,"column":31},"end":{"line":41,"column":5}},"locations":[{"start":{"line":26,"column":31},"end":{"line":41,"column":5}}]},"6":{"type":"branch","line":29,"loc":{"start":{"line":29,"column":29},"end":{"line":32,"column":9}},"locations":[{"start":{"line":29,"column":29},"end":{"line":32,"column":9}}]},"7":{"type":"branch","line":34,"loc":{"start":{"line":34,"column":66},"end":{"line":35,"column":53}},"locations":[{"start":{"line":34,"column":66},"end":{"line":35,"column":53}}]},"8":{"type":"branch","line":35,"loc":{"start":{"line":35,"column":47},"end":{"line":35,"column":57}},"locations":[{"start":{"line":35,"column":47},"end":{"line":35,"column":57}}]},"9":{"type":"branch","line":36,"loc":{"start":{"line":36,"column":71},"end":{"line":38,"column":15}},"locations":[{"start":{"line":36,"column":71},"end":{"line":38,"column":15}}]},"10":{"type":"branch","line":43,"loc":{"start":{"line":43,"column":34},"end":{"line":51,"column":5}},"locations":[{"start":{"line":43,"column":34},"end":{"line":51,"column":5}}]},"11":{"type":"branch","line":46,"loc":{"start":{"line":46,"column":60},"end":{"line":48,"column":15}},"locations":[{"start":{"line":46,"column":60},"end":{"line":48,"column":15}}]}},"b":{"0":[14],"1":[5],"2":[4],"3":[1],"4":[14],"5":[1],"6":[0],"7":[0],"8":[0],"9":[0],"10":[4],"11":[0]},"fnMap":{"0":{"name":"UrlController","decl":{"start":{"line":7,"column":2},"end":{"line":12,"column":3}},"loc":{"start":{"line":7,"column":2},"end":{"line":12,"column":3}},"line":7},"1":{"name":"handleError","decl":{"start":{"line":14,"column":2},"end":{"line":21,"column":3}},"loc":{"start":{"line":14,"column":2},"end":{"line":21,"column":3}},"line":14},"2":{"name":"registerRoutes","decl":{"start":{"line":23,"column":10},"end":{"line":126,"column":3}},"loc":{"start":{"line":23,"column":10},"end":{"line":126,"column":3}},"line":23}},"f":{"0":14,"1":5,"2":14}}
}
